2018-02-07 14:46:43,855 INFO    : t
2018-02-07 14:46:43,855 INFO    : h
2018-02-07 14:46:43,855 INFO    : i
2018-02-07 14:46:43,856 INFO    : s
2018-02-07 14:46:43,856 INFO    :  
2018-02-07 14:46:43,856 INFO    : i
2018-02-07 14:46:43,856 INFO    : s
2018-02-07 14:46:43,856 INFO    :  
2018-02-07 14:46:43,856 INFO    : i
2018-02-07 14:46:43,856 INFO    : n
2018-02-07 14:46:43,856 INFO    : f
2018-02-07 14:46:43,856 INFO    : o
2018-02-07 14:46:43,856 ERROR   : t
2018-02-07 14:46:43,856 ERROR   : h
2018-02-07 14:46:43,856 ERROR   : i
2018-02-07 14:46:43,856 ERROR   : s
2018-02-07 14:46:43,856 ERROR   :  
2018-02-07 14:46:43,856 ERROR   : i
2018-02-07 14:46:43,857 ERROR   : s
2018-02-07 14:46:43,857 ERROR   :  
2018-02-07 14:46:43,857 ERROR   : e
2018-02-07 14:46:43,857 ERROR   : r
2018-02-07 14:46:43,857 ERROR   : r
2018-02-07 14:46:43,857 ERROR   : o
2018-02-07 14:46:43,857 ERROR   : r
